<?xml version="1.0" encoding="UTF-8"?>
<!-- Generated by org.testng.reporters.JUnitReportReporter -->
<testsuite hostname="DESKTOP-C8N7NHG" failures="0" tests="6" name="test.APITesting" time="5.348" errors="0" timestamp="28 Sep 2022 08:07:46 GMT" skipped="0">
  <testcase classname="test.APITesting" name="getMehod" time="2.392"/>
  <testcase classname="test.APITesting" name="postMethod" time="0.717"/>
  <testcase classname="test.APITesting" name="putMethod" time="0.576"/>
  <testcase classname="test.APITesting" name="patchMethod" time="0.599"/>
  <testcase classname="test.APITesting" name="deleteMethod" time="0.631"/>
  <testcase classname="test.APITesting" name="POJOTest" time="0.433"/>
</testsuite> <!-- test.APITesting -->
