<?xml version="1.0" encoding="UTF-8"?>
<!-- Generated by org.testng.reporters.JUnitReportReporter -->
<testsuite hostname="DESKTOP-C8N7NHG" failures="0" tests="6" name="test.APITesting" time="5.333" errors="0" timestamp="29 Sep 2022 11:48:00 GMT" skipped="0">
  <testcase classname="test.APITesting" name="POJOTest2" time="0.389"/>
  <testcase classname="test.APITesting" name="getMehod" time="2.356"/>
  <testcase classname="test.APITesting" name="postMethod" time="0.757"/>
  <testcase classname="test.APITesting" name="putMethod" time="0.598"/>
  <testcase classname="test.APITesting" name="patchMethod" time="0.661"/>
  <testcase classname="test.APITesting" name="deleteMethod" time="0.572"/>
</testsuite> <!-- test.APITesting -->
